The system is: Linux - 4.1.10-smp-wifislax - i686
Compiling the C compiler identification source file "CMakeCCompilerId.c" succeeded.
Compiler: /usr/bin/cc 
Build flags: 
Id flags: 

The output was:
0


Compilation of the C compiler identification source "CMakeCCompilerId.c" produced "a.out"

The C compiler identification is GNU, found in "/mnt/sda2/Users/JAGZ/Documents/Mis Documentos/~Materias/Algoritmos y Estructura de Datos/Tarea 2/Lista/build/CMakeFiles/3.1.3/CompilerIdC/a.out"

Compiling the CXX compiler identification source file "CMakeCXXCompilerId.cpp" succeeded.
Compiler: /usr/bin/c++ 
Build flags: 
Id flags: 

The output was:
0


Compilation of the CXX compiler identification source "CMakeCXXCompilerId.cpp" produced "a.out"

The CXX compiler identification is GNU, found in "/mnt/sda2/Users/JAGZ/Documents/Mis Documentos/~Materias/Algoritmos y Estructura de Datos/Tarea 2/Lista/build/CMakeFiles/3.1.3/CompilerIdCXX/a.out"

Determining if the C compiler works passed with the following output:
Change Dir: /mnt/sda2/Users/JAGZ/Documents/Mis Documentos/~Materias/Algoritmos y Estructura de Datos/Tarea 2/Lista/build/CMakeFiles/CMakeTmp

Run Build Command:"/usr/bin/gmake" "cmTryCompileExec1314059429/fast"
/usr/bin/gmake -f CMakeFiles/cmTryCompileExec1314059429.dir/build.make CMakeFiles/cmTryCompileExec1314059429.dir/build
gmake[1]: se ingresa al directorio `/mnt/sda2/Users/JAGZ/Documents/Mis Documentos/~Materias/Algoritmos y Estructura de Datos/Tarea 2/Lista/build/CMakeFiles/CMakeTmp'
/usr/bin/cmake -E cmake_progress_report "/mnt/sda2/Users/JAGZ/Documents/Mis Documentos/~Materias/Algoritmos y Estructura de Datos/Tarea 2/Lista/build/CMakeFiles/CMakeTmp/CMakeFiles" 1
Building C object CMakeFiles/cmTryCompileExec1314059429.dir/testCCompiler.c.o
/usr/bin/cc    -o CMakeFiles/cmTryCompileExec1314059429.dir/testCCompiler.c.o   -c "/mnt/sda2/Users/JAGZ/Documents/Mis Documentos/~Materias/Algoritmos y Estructura de Datos/Tarea 2/Lista/build/CMakeFiles/CMakeTmp/testCCompiler.c"
Linking C executable cmTryCompileExec1314059429
/usr/bin/cmake -E cmake_link_script CMakeFiles/cmTryCompileExec1314059429.dir/link.txt --verbose=1
/usr/bin/cc      CMakeFiles/cmTryCompileExec1314059429.dir/testCCompiler.c.o  -o cmTryCompileExec1314059429 -rdynamic 
gmake[1]: se sale del directorio `/mnt/sda2/Users/JAGZ/Documents/Mis Documentos/~Materias/Algoritmos y Estructura de Datos/Tarea 2/Lista/build/CMakeFiles/CMakeTmp'


Detecting C compiler ABI info compiled with the following output:
Change Dir: /mnt/sda2/Users/JAGZ/Documents/Mis Documentos/~Materias/Algoritmos y Estructura de Datos/Tarea 2/Lista/build/CMakeFiles/CMakeTmp

Run Build Command:"/usr/bin/gmake" "cmTryCompileExec3788568060/fast"
/usr/bin/gmake -f CMakeFiles/cmTryCompileExec3788568060.dir/build.make CMakeFiles/cmTryCompileExec3788568060.dir/build
gmake[1]: se ingresa al directorio `/mnt/sda2/Users/JAGZ/Documents/Mis Documentos/~Materias/Algoritmos y Estructura de Datos/Tarea 2/Lista/build/CMakeFiles/CMakeTmp'
/usr/bin/cmake -E cmake_progress_report "/mnt/sda2/Users/JAGZ/Documents/Mis Documentos/~Materias/Algoritmos y Estructura de Datos/Tarea 2/Lista/build/CMakeFiles/CMakeTmp/CMakeFiles" 1
Building C object CMakeFiles/cmTryCompileExec3788568060.dir/CMakeCCompilerABI.c.o
/usr/bin/cc    -o CMakeFiles/cmTryCompileExec3788568060.dir/CMakeCCompilerABI.c.o   -c /usr/share/cmake-3.1/Modules/CMakeCCompilerABI.c
Linking C executable cmTryCompileExec3788568060
/usr/bin/cmake -E cmake_link_script CMakeFiles/cmTryCompileExec3788568060.dir/link.txt --verbose=1
/usr/bin/cc     -v CMakeFiles/cmTryCompileExec3788568060.dir/CMakeCCompilerABI.c.o  -o cmTryCompileExec3788568060 -rdynamic  
Leyendo especificaciones de /usr/lib/gcc/i586-slackware-linux/4.9.3/specs
COLLECT_GCC=/usr/bin/cc
COLLECT_LTO_WRAPPER=/usr/libexec/gcc/i586-slackware-linux/4.9.3/lto-wrapper
Objetivo: i586-slackware-linux
Configurado con: ../gcc-4.9.3/configure --prefix=/usr --libdir=/usr/lib --mandir=/usr/man --infodir=/usr/info --enable-shared --enable-bootstrap --enable-languages=ada,c,c++,fortran,go,java,lto,objc --enable-threads=posix --enable-checking=release --enable-objc-gc --with-system-zlib --with-python-dir=/lib/python2.7/site-packages --disable-libunwind-exceptions --enable-__cxa_atexit --enable-libssp --enable-lto --enable-install-libiberty --with-gnu-ld --verbose --enable-java-home --with-java-home=/usr/lib/jvm/jre --with-jvm-root-dir=/usr/lib/jvm --with-jvm-jar-dir=/usr/lib/jvm/jvm-exports --with-arch-directory=i386 --with-antlr-jar=/root/slackware-current/source/d/gcc/antlr-runtime-3.4.jar --enable-java-awt=gtk --disable-gtktest --with-arch=i586 --target=i586-slackware-linux --build=i586-slackware-linux --host=i586-slackware-linux
Modelo de hilos: posix
gcc versi贸n 4.9.3 (GCC) 
COMPILER_PATH=/usr/libexec/gcc/i586-slackware-linux/4.9.3/:/usr/libexec/gcc/i586-slackware-linux/4.9.3/:/usr/libexec/gcc/i586-slackware-linux/:/usr/lib/gcc/i586-slackware-linux/4.9.3/:/usr/lib/gcc/i586-slackware-linux/:/usr/lib/gcc/i586-slackware-linux/4.9.3/../../../../i586-slackware-linux/bin/
LIBRARY_PATH=/usr/lib/gcc/i586-slackware-linux/4.9.3/:/usr/lib/gcc/i586-slackware-linux/4.9.3/../../../../i586-slackware-linux/lib/:/usr/lib/gcc/i586-slackware-linux/4.9.3/../../../:/lib/:/usr/lib/
COLLECT_GCC_OPTIONS='-v' '-o' 'cmTryCompileExec3788568060' '-rdynamic' '-mtune=pentium' '-march=i586'
 /usr/libexec/gcc/i586-slackware-linux/4.9.3/collect2 -plugin /usr/libexec/gcc/i586-slackware-linux/4.9.3/liblto_plugin.so -plugin-opt=/usr/libexec/gcc/i586-slackware-linux/4.9.3/lto-wrapper -plugin-opt=-fresolution=/tmp/cchojUhk.res -plugin-opt=-pass-through=-lgcc -plugin-opt=-pass-through=-lgcc_s -plugin-opt=-pass-through=-lc -plugin-opt=-pass-through=-lgcc -plugin-opt=-pass-through=-lgcc_s --eh-frame-hdr -m elf_i386 -export-dynamic -dynamic-linker /lib/ld-linux.so.2 -o cmTryCompileExec3788568060 /usr/lib/gcc/i586-slackware-linux/4.9.3/../../../crt1.o /usr/lib/gcc/i586-slackware-linux/4.9.3/../../../crti.o /usr/lib/gcc/i586-slackware-linux/4.9.3/crtbegin.o -L/usr/lib/gcc/i586-slackware-linux/4.9.3 -L/usr/lib/gcc/i586-slackware-linux/4.9.3/../../../../i586-slackware-linux/lib -L/usr/lib/gcc/i586-slackware-linux/4.9.3/../../.. CMakeFiles/cmTryCompileExec3788568060.dir/CMakeCCompilerABI.c.o -lgcc --as-needed -lgcc_s --no-as-needed -lc -lgcc --as-needed -lgcc_s --no-as-needed /usr/lib/gcc/i586-slackware-linux/4.9.3/crtend.o /usr/lib/gcc/i586-slackware-linux/4.9.3/../../../crtn.o
gmake[1]: se sale del directorio `/mnt/sda2/Users/JAGZ/Documents/Mis Documentos/~Materias/Algoritmos y Estructura de Datos/Tarea 2/Lista/build/CMakeFiles/CMakeTmp'


Parsed C implicit link information from above output:
  link line regex: [^( *|.*[/\])(ld|([^/\]+-)?ld|collect2)[^/\]*( |$)]
  ignore line: [Change Dir: /mnt/sda2/Users/JAGZ/Documents/Mis Documentos/~Materias/Algoritmos y Estructura de Datos/Tarea 2/Lista/build/CMakeFiles/CMakeTmp]
  ignore line: []
  ignore line: [Run Build Command:"/usr/bin/gmake" "cmTryCompileExec3788568060/fast"]
  ignore line: [/usr/bin/gmake -f CMakeFiles/cmTryCompileExec3788568060.dir/build.make CMakeFiles/cmTryCompileExec3788568060.dir/build]
  ignore line: [gmake[1]: se ingresa al directorio `/mnt/sda2/Users/JAGZ/Documents/Mis Documentos/~Materias/Algoritmos y Estructura de Datos/Tarea 2/Lista/build/CMakeFiles/CMakeTmp']
  ignore line: [/usr/bin/cmake -E cmake_progress_report "/mnt/sda2/Users/JAGZ/Documents/Mis Documentos/~Materias/Algoritmos y Estructura de Datos/Tarea 2/Lista/build/CMakeFiles/CMakeTmp/CMakeFiles" 1]
  ignore line: [Building C object CMakeFiles/cmTryCompileExec3788568060.dir/CMakeCCompilerABI.c.o]
  ignore line: [/usr/bin/cc    -o CMakeFiles/cmTryCompileExec3788568060.dir/CMakeCCompilerABI.c.o   -c /usr/share/cmake-3.1/Modules/CMakeCCompilerABI.c]
  ignore line: [Linking C executable cmTryCompileExec3788568060]
  ignore line: [/usr/bin/cmake -E cmake_link_script CMakeFiles/cmTryCompileExec3788568060.dir/link.txt --verbose=1]
  ignore line: [/usr/bin/cc     -v CMakeFiles/cmTryCompileExec3788568060.dir/CMakeCCompilerABI.c.o  -o cmTryCompileExec3788568060 -rdynamic  ]
  ignore line: [Leyendo especificaciones de /usr/lib/gcc/i586-slackware-linux/4.9.3/specs]
  ignore line: [COLLECT_GCC=/usr/bin/cc]
  ignore line: [COLLECT_LTO_WRAPPER=/usr/libexec/gcc/i586-slackware-linux/4.9.3/lto-wrapper]
  ignore line: [Objetivo: i586-slackware-linux]
  ignore line: [Configurado con: ../gcc-4.9.3/configure --prefix=/usr --libdir=/usr/lib --mandir=/usr/man --infodir=/usr/info --enable-shared --enable-bootstrap --enable-languages=ada,c,c++,fortran,go,java,lto,objc --enable-threads=posix --enable-checking=release --enable-objc-gc --with-system-zlib --with-python-dir=/lib/python2.7/site-packages --disable-libunwind-exceptions --enable-__cxa_atexit --enable-libssp --enable-lto --enable-install-libiberty --with-gnu-ld --verbose --enable-java-home --with-java-home=/usr/lib/jvm/jre --with-jvm-root-dir=/usr/lib/jvm --with-jvm-jar-dir=/usr/lib/jvm/jvm-exports --with-arch-directory=i386 --with-antlr-jar=/root/slackware-current/source/d/gcc/antlr-runtime-3.4.jar --enable-java-awt=gtk --disable-gtktest --with-arch=i586 --target=i586-slackware-linux --build=i586-slackware-linux --host=i586-slackware-linux]
  ignore line: [Modelo de hilos: posix]
  ignore line: [gcc versi贸n 4.9.3 (GCC) ]
  ignore line: [COMPILER_PATH=/usr/libexec/gcc/i586-slackware-linux/4.9.3/:/usr/libexec/gcc/i586-slackware-linux/4.9.3/:/usr/libexec/gcc/i586-slackware-linux/:/usr/lib/gcc/i586-slackware-linux/4.9.3/:/usr/lib/gcc/i586-slackware-linux/:/usr/lib/gcc/i586-slackware-linux/4.9.3/../../../../i586-slackware-linux/bin/]
  ignore line: [LIBRARY_PATH=/usr/lib/gcc/i586-slackware-linux/4.9.3/:/usr/lib/gcc/i586-slackware-linux/4.9.3/../../../../i586-slackware-linux/lib/:/usr/lib/gcc/i586-slackware-linux/4.9.3/../../../:/lib/:/usr/lib/]
  ignore line: [COLLECT_GCC_OPTIONS='-v' '-o' 'cmTryCompileExec3788568060' '-rdynamic' '-mtune=pentium' '-march=i586']
  link line: [ /usr/libexec/gcc/i586-slackware-linux/4.9.3/collect2 -plugin /usr/libexec/gcc/i586-slackware-linux/4.9.3/liblto_plugin.so -plugin-opt=/usr/libexec/gcc/i586-slackware-linux/4.9.3/lto-wrapper -plugin-opt=-fresolution=/tmp/cchojUhk.res -plugin-opt=-pass-through=-lgcc -plugin-opt=-pass-through=-lgcc_s -plugin-opt=-pass-through=-lc -plugin-opt=-pass-through=-lgcc -plugin-opt=-pass-through=-lgcc_s --eh-frame-hdr -m elf_i386 -export-dynamic -dynamic-linker /lib/ld-linux.so.2 -o cmTryCompileExec3788568060 /usr/lib/gcc/i586-slackware-linux/4.9.3/../../../crt1.o /usr/lib/gcc/i586-slackware-linux/4.9.3/../../../crti.o /usr/lib/gcc/i586-slackware-linux/4.9.3/crtbegin.o -L/usr/lib/gcc/i586-slackware-linux/4.9.3 -L/usr/lib/gcc/i586-slackware-linux/4.9.3/../../../../i586-slackware-linux/lib -L/usr/lib/gcc/i586-slackware-linux/4.9.3/../../.. CMakeFiles/cmTryCompileExec3788568060.dir/CMakeCCompilerABI.c.o -lgcc --as-needed -lgcc_s --no-as-needed -lc -lgcc --as-needed -lgcc_s --no-as-needed /usr/lib/gcc/i586-slackware-linux/4.9.3/crtend.o /usr/lib/gcc/i586-slackware-linux/4.9.3/../../../crtn.o]
    arg [/usr/libexec/gcc/i586-slackware-linux/4.9.3/collect2] ==> ignore
    arg [-plugin] ==> ignore
    arg [/usr/libexec/gcc/i586-slackware-linux/4.9.3/liblto_plugin.so] ==> ignore
    arg [-plugin-opt=/usr/libexec/gcc/i586-slackware-linux/4.9.3/lto-wrapper] ==> ignore
    arg [-plugin-opt=-fresolution=/tmp/cchojUhk.res] ==> ignore
    arg [-plugin-opt=-pass-through=-lgcc] ==> ignore
    arg [-plugin-opt=-pass-through=-lgcc_s] ==> ignore
    arg [-plugin-opt=-pass-through=-lc] ==> ignore
    arg [-plugin-opt=-pass-through=-lgcc] ==> ignore
    arg [-plugin-opt=-pass-through=-lgcc_s] ==> ignore
    arg [--eh-frame-hdr] ==> ignore
    arg [-m] ==> ignore
    arg [elf_i386] ==> ignore
    arg [-export-dynamic] ==> ignore
    arg [-dynamic-linker] ==> ignore
    arg [/lib/ld-linux.so.2] ==> ignore
    arg [-o] ==> ignore
    arg [cmTryCompileExec3788568060] ==> ignore
    arg [/usr/lib/gcc/i586-slackware-linux/4.9.3/../../../crt1.o] ==> ignore
    arg [/usr/lib/gcc/i586-slackware-linux/4.9.3/../../../crti.o] ==> ignore
    arg [/usr/lib/gcc/i586-slackware-linux/4.9.3/crtbegin.o] ==> ignore
    arg [-L/usr/lib/gcc/i586-slackware-linux/4.9.3] ==> dir [/usr/lib/gcc/i586-slackware-linux/4.9.3]
    arg [-L/usr/lib/gcc/i586-slackware-linux/4.9.3/../../../../i586-slackware-linux/lib] ==> dir [/usr/lib/gcc/i586-slackware-linux/4.9.3/../../../../i586-slackware-linux/lib]
    arg [-L/usr/lib/gcc/i586-slackware-linux/4.9.3/../../..] ==> dir [/usr/lib/gcc/i586-slackware-linux/4.9.3/../../..]
    arg [CMakeFiles/cmTryCompileExec3788568060.dir/CMakeCCompilerABI.c.o] ==> ignore
    arg [-lgcc] ==> lib [gcc]
    arg [--as-needed] ==> ignore
    arg [-lgcc_s] ==> lib [gcc_s]
    arg [--no-as-needed] ==> ignore
    arg [-lc] ==> lib [c]
    arg [-lgcc] ==> lib [gcc]
    arg [--as-needed] ==> ignore
    arg [-lgcc_s] ==> lib [gcc_s]
    arg [--no-as-needed] ==> ignore
    arg [/usr/lib/gcc/i586-slackware-linux/4.9.3/crtend.o] ==> ignore
    arg [/usr/lib/gcc/i586-slackware-linux/4.9.3/../../../crtn.o] ==> ignore
  remove lib [gcc]
  remove lib [gcc_s]
  remove lib [gcc]
  remove lib [gcc_s]
  collapse library dir [/usr/lib/gcc/i586-slackware-linux/4.9.3] ==> [/usr/lib/gcc/i586-slackware-linux/4.9.3]
  collapse library dir [/usr/lib/gcc/i586-slackware-linux/4.9.3/../../../../i586-slackware-linux/lib] ==> [/usr/i586-slackware-linux/lib]
  collapse library dir [/usr/lib/gcc/i586-slackware-linux/4.9.3/../../..] ==> [/usr/lib]
  implicit libs: [c]
  implicit dirs: [/usr/lib/gcc/i586-slackware-linux/4.9.3;/usr/i586-slackware-linux/lib;/usr/lib]
  implicit fwks: []




Detecting C [-std=c90] compiler features compiled with the following output:
Change Dir: /mnt/sda2/Users/JAGZ/Documents/Mis Documentos/~Materias/Algoritmos y Estructura de Datos/Tarea 2/Lista/build/CMakeFiles/CMakeTmp

Run Build Command:"/usr/bin/gmake" "cmTryCompileExec3038333427/fast"
/usr/bin/gmake -f CMakeFiles/cmTryCompileExec3038333427.dir/build.make CMakeFiles/cmTryCompileExec3038333427.dir/build
gmake[1]: se ingresa al directorio `/mnt/sda2/Users/JAGZ/Documents/Mis Documentos/~Materias/Algoritmos y Estructura de Datos/Tarea 2/Lista/build/CMakeFiles/CMakeTmp'
/usr/bin/cmake -E cmake_progress_report "/mnt/sda2/Users/JAGZ/Documents/Mis Documentos/~Materias/Algoritmos y Estructura de Datos/Tarea 2/Lista/build/CMakeFiles/CMakeTmp/CMakeFiles" 1
Building C object CMakeFiles/cmTryCompileExec3038333427.dir/feature_tests.c.o
/usr/bin/cc   -std=c90 -o CMakeFiles/cmTryCompileExec3038333427.dir/feature_tests.c.o   -c "/mnt/sda2/Users/JAGZ/Documents/Mis Documentos/~Materias/Algoritmos y Estructura de Datos/Tarea 2/Lista/build/CMakeFiles/feature_tests.c"
Linking C executable cmTryCompileExec3038333427
/usr/bin/cmake -E cmake_link_script CMakeFiles/cmTryCompileExec3038333427.dir/link.txt --verbose=1
/usr/bin/cc      CMakeFiles/cmTryCompileExec3038333427.dir/feature_tests.c.o  -o cmTryCompileExec3038333427 -rdynamic 
gmake[1]: se sale del directorio `/mnt/sda2/Users/JAGZ/Documents/Mis Documentos/~Materias/Algoritmos y Estructura de Datos/Tarea 2/Lista/build/CMakeFiles/CMakeTmp'


    Feature record: C_FEATURE:1c_function_prototypes
    Feature record: C_FEATURE:0c_restrict
    Feature record: C_FEATURE:0c_static_assert
    Feature record: C_FEATURE:0c_variadic_macros


Detecting C [-std=c99] compiler features compiled with the following output:
Change Dir: /mnt/sda2/Users/JAGZ/Documents/Mis Documentos/~Materias/Algoritmos y Estructura de Datos/Tarea 2/Lista/build/CMakeFiles/CMakeTmp

Run Build Command:"/usr/bin/gmake" "cmTryCompileExec381475003/fast"
/usr/bin/gmake -f CMakeFiles/cmTryCompileExec381475003.dir/build.make CMakeFiles/cmTryCompileExec381475003.dir/build
gmake[1]: se ingresa al directorio `/mnt/sda2/Users/JAGZ/Documents/Mis Documentos/~Materias/Algoritmos y Estructura de Datos/Tarea 2/Lista/build/CMakeFiles/CMakeTmp'
/usr/bin/cmake -E cmake_progress_report "/mnt/sda2/Users/JAGZ/Documents/Mis Documentos/~Materias/Algoritmos y Estructura de Datos/Tarea 2/Lista/build/CMakeFiles/CMakeTmp/CMakeFiles" 1
Building C object CMakeFiles/cmTryCompileExec381475003.dir/feature_tests.c.o
/usr/bin/cc   -std=c99 -o CMakeFiles/cmTryCompileExec381475003.dir/feature_tests.c.o   -c "/mnt/sda2/Users/JAGZ/Documents/Mis Documentos/~Materias/Algoritmos y Estructura de Datos/Tarea 2/Lista/build/CMakeFiles/feature_tests.c"
Linking C executable cmTryCompileExec381475003
/usr/bin/cmake -E cmake_link_script CMakeFiles/cmTryCompileExec381475003.dir/link.txt --verbose=1
/usr/bin/cc      CMakeFiles/cmTryCompileExec381475003.dir/feature_tests.c.o  -o cmTryCompileExec381475003 -rdynamic 
gmake[1]: se sale del directorio `/mnt/sda2/Users/JAGZ/Documents/Mis Documentos/~Materias/Algoritmos y Estructura de Datos/Tarea 2/Lista/build/CMakeFiles/CMakeTmp'


    Feature record: C_FEATURE:0c_function_prototypes
    Feature record: C_FEATURE:1c_restrict
    Feature record: C_FEATURE:0c_static_assert
    Feature record: C_FEATURE:1c_variadic_macros


Detecting C [-std=c11] compiler features compiled with the following output:
Change Dir: /mnt/sda2/Users/JAGZ/Documents/Mis Documentos/~Materias/Algoritmos y Estructura de Datos/Tarea 2/Lista/build/CMakeFiles/CMakeTmp

Run Build Command:"/usr/bin/gmake" "cmTryCompileExec4068028463/fast"
/usr/bin/gmake -f CMakeFiles/cmTryCompileExec4068028463.dir/build.make CMakeFiles/cmTryCompileExec4068028463.dir/build
gmake[1]: se ingresa al directorio `/mnt/sda2/Users/JAGZ/Documents/Mis Documentos/~Materias/Algoritmos y Estructura de Datos/Tarea 2/Lista/build/CMakeFiles/CMakeTmp'
/usr/bin/cmake -E cmake_progress_report "/mnt/sda2/Users/JAGZ/Documents/Mis Documentos/~Materias/Algoritmos y Estructura de Datos/Tarea 2/Lista/build/CMakeFiles/CMakeTmp/CMakeFiles" 1
Building C object CMakeFiles/cmTryCompileExec4068028463.dir/feature_tests.c.o
/usr/bin/cc   -std=c11 -o CMakeFiles/cmTryCompileExec4068028463.dir/feature_tests.c.o   -c "/mnt/sda2/Users/JAGZ/Documents/Mis Documentos/~Materias/Algoritmos y Estructura de Datos/Tarea 2/Lista/build/CMakeFiles/feature_tests.c"
Linking C executable cmTryCompileExec4068028463
/usr/bin/cmake -E cmake_link_script CMakeFiles/cmTryCompileExec4068028463.dir/link.txt --verbose=1
/usr/bin/cc      CMakeFiles/cmTryCompileExec4068028463.dir/feature_tests.c.o  -o cmTryCompileExec4068028463 -rdynamic 
gmake[1]: se sale del directorio `/mnt/sda2/Users/JAGZ/Documents/Mis Documentos/~Materias/Algoritmos y Estructura de Datos/Tarea 2/Lista/build/CMakeFiles/CMakeTmp'


    Feature record: C_FEATURE:0c_function_prototypes
    Feature record: C_FEATURE:1c_restrict
    Feature record: C_FEATURE:1c_static_assert
    Feature record: C_FEATURE:1c_variadic_macros
Determining if the CXX compiler works passed with the following output:
Change Dir: /mnt/sda2/Users/JAGZ/Documents/Mis Documentos/~Materias/Algoritmos y Estructura de Datos/Tarea 2/Lista/build/CMakeFiles/CMakeTmp

Run Build Command:"/usr/bin/gmake" "cmTryCompileExec2305680707/fast"
/usr/bin/gmake -f CMakeFiles/cmTryCompileExec2305680707.dir/build.make CMakeFiles/cmTryCompileExec2305680707.dir/build
gmake[1]: se ingresa al directorio `/mnt/sda2/Users/JAGZ/Documents/Mis Documentos/~Materias/Algoritmos y Estructura de Datos/Tarea 2/Lista/build/CMakeFiles/CMakeTmp'
/usr/bin/cmake -E cmake_progress_report "/mnt/sda2/Users/JAGZ/Documents/Mis Documentos/~Materias/Algoritmos y Estructura de Datos/Tarea 2/Lista/build/CMakeFiles/CMakeTmp/CMakeFiles" 1
Building CXX object CMakeFiles/cmTryCompileExec2305680707.dir/testCXXCompiler.cxx.o
/usr/bin/c++     -o CMakeFiles/cmTryCompileExec2305680707.dir/testCXXCompiler.cxx.o -c "/mnt/sda2/Users/JAGZ/Documents/Mis Documentos/~Materias/Algoritmos y Estructura de Datos/Tarea 2/Lista/build/CMakeFiles/CMakeTmp/testCXXCompiler.cxx"
Linking CXX executable cmTryCompileExec2305680707
/usr/bin/cmake -E cmake_link_script CMakeFiles/cmTryCompileExec2305680707.dir/link.txt --verbose=1
/usr/bin/c++       CMakeFiles/cmTryCompileExec2305680707.dir/testCXXCompiler.cxx.o  -o cmTryCompileExec2305680707 -rdynamic 
gmake[1]: se sale del directorio `/mnt/sda2/Users/JAGZ/Documents/Mis Documentos/~Materias/Algoritmos y Estructura de Datos/Tarea 2/Lista/build/CMakeFiles/CMakeTmp'


Detecting CXX compiler ABI info compiled with the following output:
Change Dir: /mnt/sda2/Users/JAGZ/Documents/Mis Documentos/~Materias/Algoritmos y Estructura de Datos/Tarea 2/Lista/build/CMakeFiles/CMakeTmp

Run Build Command:"/usr/bin/gmake" "cmTryCompileExec838664553/fast"
/usr/bin/gmake -f CMakeFiles/cmTryCompileExec838664553.dir/build.make CMakeFiles/cmTryCompileExec838664553.dir/build
gmake[1]: se ingresa al directorio `/mnt/sda2/Users/JAGZ/Documents/Mis Documentos/~Materias/Algoritmos y Estructura de Datos/Tarea 2/Lista/build/CMakeFiles/CMakeTmp'
/usr/bin/cmake -E cmake_progress_report "/mnt/sda2/Users/JAGZ/Documents/Mis Documentos/~Materias/Algoritmos y Estructura de Datos/Tarea 2/Lista/build/CMakeFiles/CMakeTmp/CMakeFiles" 1
Building CXX object CMakeFiles/cmTryCompileExec838664553.dir/CMakeCXXCompilerABI.cpp.o
/usr/bin/c++     -o CMakeFiles/cmTryCompileExec838664553.dir/CMakeCXXCompilerABI.cpp.o -c /usr/share/cmake-3.1/Modules/CMakeCXXCompilerABI.cpp
Linking CXX executable cmTryCompileExec838664553
/usr/bin/cmake -E cmake_link_script CMakeFiles/cmTryCompileExec838664553.dir/link.txt --verbose=1
/usr/bin/c++      -v CMakeFiles/cmTryCompileExec838664553.dir/CMakeCXXCompilerABI.cpp.o  -o cmTryCompileExec838664553 -rdynamic  
Leyendo especificaciones de /usr/lib/gcc/i586-slackware-linux/4.9.3/specs
COLLECT_GCC=/usr/bin/c++
COLLECT_LTO_WRAPPER=/usr/libexec/gcc/i586-slackware-linux/4.9.3/lto-wrapper
Objetivo: i586-slackware-linux
Configurado con: ../gcc-4.9.3/configure --prefix=/usr --libdir=/usr/lib --mandir=/usr/man --infodir=/usr/info --enable-shared --enable-bootstrap --enable-languages=ada,c,c++,fortran,go,java,lto,objc --enable-threads=posix --enable-checking=release --enable-objc-gc --with-system-zlib --with-python-dir=/lib/python2.7/site-packages --disable-libunwind-exceptions --enable-__cxa_atexit --enable-libssp --enable-lto --enable-install-libiberty --with-gnu-ld --verbose --enable-java-home --with-java-home=/usr/lib/jvm/jre --with-jvm-root-dir=/usr/lib/jvm --with-jvm-jar-dir=/usr/lib/jvm/jvm-exports --with-arch-directory=i386 --with-antlr-jar=/root/slackware-current/source/d/gcc/antlr-runtime-3.4.jar --enable-java-awt=gtk --disable-gtktest --with-arch=i586 --target=i586-slackware-linux --build=i586-slackware-linux --host=i586-slackware-linux
Modelo de hilos: posix
gcc versi贸n 4.9.3 (GCC) 
COMPILER_PATH=/usr/libexec/gcc/i586-slackware-linux/4.9.3/:/usr/libexec/gcc/i586-slackware-linux/4.9.3/:/usr/libexec/gcc/i586-slackware-linux/:/usr/lib/gcc/i586-slackware-linux/4.9.3/:/usr/lib/gcc/i586-slackware-linux/:/usr/lib/gcc/i586-slackware-linux/4.9.3/../../../../i586-slackware-linux/bin/
LIBRARY_PATH=/usr/lib/gcc/i586-slackware-linux/4.9.3/:/usr/lib/gcc/i586-slackware-linux/4.9.3/../../../../i586-slackware-linux/lib/:/usr/lib/gcc/i586-slackware-linux/4.9.3/../../../:/lib/:/usr/lib/
COLLECT_GCC_OPTIONS='-v' '-o' 'cmTryCompileExec838664553' '-rdynamic' '-shared-libgcc' '-mtune=pentium' '-march=i586'
 /usr/libexec/gcc/i586-slackware-linux/4.9.3/collect2 -plugin /usr/libexec/gcc/i586-slackware-linux/4.9.3/liblto_plugin.so -plugin-opt=/usr/libexec/gcc/i586-slackware-linux/4.9.3/lto-wrapper -plugin-opt=-fresolution=/tmp/ccCPYVvZ.res -plugin-opt=-pass-through=-lgcc_s -plugin-opt=-pass-through=-lgcc -plugin-opt=-pass-through=-lc -plugin-opt=-pass-through=-lgcc_s -plugin-opt=-pass-through=-lgcc --eh-frame-hdr -m elf_i386 -export-dynamic -dynamic-linker /lib/ld-linux.so.2 -o cmTryCompileExec838664553 /usr/lib/gcc/i586-slackware-linux/4.9.3/../../../crt1.o /usr/lib/gcc/i586-slackware-linux/4.9.3/../../../crti.o /usr/lib/gcc/i586-slackware-linux/4.9.3/crtbegin.o -L/usr/lib/gcc/i586-slackware-linux/4.9.3 -L/usr/lib/gcc/i586-slackware-linux/4.9.3/../../../../i586-slackware-linux/lib -L/usr/lib/gcc/i586-slackware-linux/4.9.3/../../.. CMakeFiles/cmTryCompileExec838664553.dir/CMakeCXXCompilerABI.cpp.o -lstdc++ -lm -lgcc_s -lgcc -lc -lgcc_s -lgcc /usr/lib/gcc/i586-slackware-linux/4.9.3/crtend.o /usr/lib/gcc/i586-slackware-linux/4.9.3/../../../crtn.o
gmake[1]: se sale del directorio `/mnt/sda2/Users/JAGZ/Documents/Mis Documentos/~Materias/Algoritmos y Estructura de Datos/Tarea 2/Lista/build/CMakeFiles/CMakeTmp'


Parsed CXX implicit link information from above output:
  link line regex: [^( *|.*[/\])(ld|([^/\]+-)?ld|collect2)[^/\]*( |$)]
  ignore line: [Change Dir: /mnt/sda2/Users/JAGZ/Documents/Mis Documentos/~Materias/Algoritmos y Estructura de Datos/Tarea 2/Lista/build/CMakeFiles/CMakeTmp]
  ignore line: []
  ignore line: [Run Build Command:"/usr/bin/gmake" "cmTryCompileExec838664553/fast"]
  ignore line: [/usr/bin/gmake -f CMakeFiles/cmTryCompileExec838664553.dir/build.make CMakeFiles/cmTryCompileExec838664553.dir/build]
  ignore line: [gmake[1]: se ingresa al directorio `/mnt/sda2/Users/JAGZ/Documents/Mis Documentos/~Materias/Algoritmos y Estructura de Datos/Tarea 2/Lista/build/CMakeFiles/CMakeTmp']
  ignore line: [/usr/bin/cmake -E cmake_progress_report "/mnt/sda2/Users/JAGZ/Documents/Mis Documentos/~Materias/Algoritmos y Estructura de Datos/Tarea 2/Lista/build/CMakeFiles/CMakeTmp/CMakeFiles" 1]
  ignore line: [Building CXX object CMakeFiles/cmTryCompileExec838664553.dir/CMakeCXXCompilerABI.cpp.o]
  ignore line: [/usr/bin/c++     -o CMakeFiles/cmTryCompileExec838664553.dir/CMakeCXXCompilerABI.cpp.o -c /usr/share/cmake-3.1/Modules/CMakeCXXCompilerABI.cpp]
  ignore line: [Linking CXX executable cmTryCompileExec838664553]
  ignore line: [/usr/bin/cmake -E cmake_link_script CMakeFiles/cmTryCompileExec838664553.dir/link.txt --verbose=1]
  ignore line: [/usr/bin/c++      -v CMakeFiles/cmTryCompileExec838664553.dir/CMakeCXXCompilerABI.cpp.o  -o cmTryCompileExec838664553 -rdynamic  ]
  ignore line: [Leyendo especificaciones de /usr/lib/gcc/i586-slackware-linux/4.9.3/specs]
  ignore line: [COLLECT_GCC=/usr/bin/c++]
  ignore line: [COLLECT_LTO_WRAPPER=/usr/libexec/gcc/i586-slackware-linux/4.9.3/lto-wrapper]
  ignore line: [Objetivo: i586-slackware-linux]
  ignore line: [Configurado con: ../gcc-4.9.3/configure --prefix=/usr --libdir=/usr/lib --mandir=/usr/man --infodir=/usr/info --enable-shared --enable-bootstrap --enable-languages=ada,c,c++,fortran,go,java,lto,objc --enable-threads=posix --enable-checking=release --enable-objc-gc --with-system-zlib --with-python-dir=/lib/python2.7/site-packages --disable-libunwind-exceptions --enable-__cxa_atexit --enable-libssp --enable-lto --enable-install-libiberty --with-gnu-ld --verbose --enable-java-home --with-java-home=/usr/lib/jvm/jre --with-jvm-root-dir=/usr/lib/jvm --with-jvm-jar-dir=/usr/lib/jvm/jvm-exports --with-arch-directory=i386 --with-antlr-jar=/root/slackware-current/source/d/gcc/antlr-runtime-3.4.jar --enable-java-awt=gtk --disable-gtktest --with-arch=i586 --target=i586-slackware-linux --build=i586-slackware-linux --host=i586-slackware-linux]
  ignore line: [Modelo de hilos: posix]
  ignore line: [gcc versi贸n 4.9.3 (GCC) ]
  ignore line: [COMPILER_PATH=/usr/libexec/gcc/i586-slackware-linux/4.9.3/:/usr/libexec/gcc/i586-slackware-linux/4.9.3/:/usr/libexec/gcc/i586-slackware-linux/:/usr/lib/gcc/i586-slackware-linux/4.9.3/:/usr/lib/gcc/i586-slackware-linux/:/usr/lib/gcc/i586-slackware-linux/4.9.3/../../../../i586-slackware-linux/bin/]
  ignore line: [LIBRARY_PATH=/usr/lib/gcc/i586-slackware-linux/4.9.3/:/usr/lib/gcc/i586-slackware-linux/4.9.3/../../../../i586-slackware-linux/lib/:/usr/lib/gcc/i586-slackware-linux/4.9.3/../../../:/lib/:/usr/lib/]
  ignore line: [COLLECT_GCC_OPTIONS='-v' '-o' 'cmTryCompileExec838664553' '-rdynamic' '-shared-libgcc' '-mtune=pentium' '-march=i586']
  link line: [ /usr/libexec/gcc/i586-slackware-linux/4.9.3/collect2 -plugin /usr/libexec/gcc/i586-slackware-linux/4.9.3/liblto_plugin.so -plugin-opt=/usr/libexec/gcc/i586-slackware-linux/4.9.3/lto-wrapper -plugin-opt=-fresolution=/tmp/ccCPYVvZ.res -plugin-opt=-pass-through=-lgcc_s -plugin-opt=-pass-through=-lgcc -plugin-opt=-pass-through=-lc -plugin-opt=-pass-through=-lgcc_s -plugin-opt=-pass-through=-lgcc --eh-frame-hdr -m elf_i386 -export-dynamic -dynamic-linker /lib/ld-linux.so.2 -o cmTryCompileExec838664553 /usr/lib/gcc/i586-slackware-linux/4.9.3/../../../crt1.o /usr/lib/gcc/i586-slackware-linux/4.9.3/../../../crti.o /usr/lib/gcc/i586-slackware-linux/4.9.3/crtbegin.o -L/usr/lib/gcc/i586-slackware-linux/4.9.3 -L/usr/lib/gcc/i586-slackware-linux/4.9.3/../../../../i586-slackware-linux/lib -L/usr/lib/gcc/i586-slackware-linux/4.9.3/../../.. CMakeFiles/cmTryCompileExec838664553.dir/CMakeCXXCompilerABI.cpp.o -lstdc++ -lm -lgcc_s -lgcc -lc -lgcc_s -lgcc /usr/lib/gcc/i586-slackware-linux/4.9.3/crtend.o /usr/lib/gcc/i586-slackware-linux/4.9.3/../../../crtn.o]
    arg [/usr/libexec/gcc/i586-slackware-linux/4.9.3/collect2] ==> ignore
    arg [-plugin] ==> ignore
    arg [/usr/libexec/gcc/i586-slackware-linux/4.9.3/liblto_plugin.so] ==> ignore
    arg [-plugin-opt=/usr/libexec/gcc/i586-slackware-linux/4.9.3/lto-wrapper] ==> ignore
    arg [-plugin-opt=-fresolution=/tmp/ccCPYVvZ.res] ==> ignore
    arg [-plugin-opt=-pass-through=-lgcc_s] ==> ignore
    arg [-plugin-opt=-pass-through=-lgcc] ==> ignore
    arg [-plugin-opt=-pass-through=-lc] ==> ignore
    arg [-plugin-opt=-pass-through=-lgcc_s] ==> ignore
    arg [-plugin-opt=-pass-through=-lgcc] ==> ignore
    arg [--eh-frame-hdr] ==> ignore
    arg [-m] ==> ignore
    arg [elf_i386] ==> ignore
    arg [-export-dynamic] ==> ignore
    arg [-dynamic-linker] ==> ignore
    arg [/lib/ld-linux.so.2] ==> ignore
    arg [-o] ==> ignore
    arg [cmTryCompileExec838664553] ==> ignore
    arg [/usr/lib/gcc/i586-slackware-linux/4.9.3/../../../crt1.o] ==> ignore
    arg [/usr/lib/gcc/i586-slackware-linux/4.9.3/../../../crti.o] ==> ignore
    arg [/usr/lib/gcc/i586-slackware-linux/4.9.3/crtbegin.o] ==> ignore
    arg [-L/usr/lib/gcc/i586-slackware-linux/4.9.3] ==> dir [/usr/lib/gcc/i586-slackware-linux/4.9.3]
    arg [-L/usr/lib/gcc/i586-slackware-linux/4.9.3/../../../../i586-slackware-linux/lib] ==> dir [/usr/lib/gcc/i586-slackware-linux/4.9.3/../../../../i586-slackware-linux/lib]
    arg [-L/usr/lib/gcc/i586-slackware-linux/4.9.3/../../..] ==> dir [/usr/lib/gcc/i586-slackware-linux/4.9.3/../../..]
    arg [CMakeFiles/cmTryCompileExec838664553.dir/CMakeCXXCompilerABI.cpp.o] ==> ignore
    arg [-lstdc++] ==> lib [stdc++]
    arg [-lm] ==> lib [m]
    arg [-lgcc_s] ==> lib [gcc_s]
    arg [-lgcc] ==> lib [gcc]
    arg [-lc] ==> lib [c]
    arg [-lgcc_s] ==> lib [gcc_s]
    arg [-lgcc] ==> lib [gcc]
    arg [/usr/lib/gcc/i586-slackware-linux/4.9.3/crtend.o] ==> ignore
    arg [/usr/lib/gcc/i586-slackware-linux/4.9.3/../../../crtn.o] ==> ignore
  remove lib [gcc_s]
  remove lib [gcc]
  remove lib [gcc_s]
  remove lib [gcc]
  collapse library dir [/usr/lib/gcc/i586-slackware-linux/4.9.3] ==> [/usr/lib/gcc/i586-slackware-linux/4.9.3]
  collapse library dir [/usr/lib/gcc/i586-slackware-linux/4.9.3/../../../../i586-slackware-linux/lib] ==> [/usr/i586-slackware-linux/lib]
  collapse library dir [/usr/lib/gcc/i586-slackware-linux/4.9.3/../../..] ==> [/usr/lib]
  implicit libs: [stdc++;m;c]
  implicit dirs: [/usr/lib/gcc/i586-slackware-linux/4.9.3;/usr/i586-slackware-linux/lib;/usr/lib]
  implicit fwks: []




Detecting CXX [-std=c++1y] compiler features compiled with the following output:
Change Dir: /mnt/sda2/Users/JAGZ/Documents/Mis Documentos/~Materias/Algoritmos y Estructura de Datos/Tarea 2/Lista/build/CMakeFiles/CMakeTmp

Run Build Command:"/usr/bin/gmake" "cmTryCompileExec938248999/fast"
/usr/bin/gmake -f CMakeFiles/cmTryCompileExec938248999.dir/build.make CMakeFiles/cmTryCompileExec938248999.dir/build
gmake[1]: se ingresa al directorio `/mnt/sda2/Users/JAGZ/Documents/Mis Documentos/~Materias/Algoritmos y Estructura de Datos/Tarea 2/Lista/build/CMakeFiles/CMakeTmp'
/usr/bin/cmake -E cmake_progress_report "/mnt/sda2/Users/JAGZ/Documents/Mis Documentos/~Materias/Algoritmos y Estructura de Datos/Tarea 2/Lista/build/CMakeFiles/CMakeTmp/CMakeFiles" 1
Building CXX object CMakeFiles/cmTryCompileExec938248999.dir/feature_tests.cxx.o
/usr/bin/c++    -std=c++1y -o CMakeFiles/cmTryCompileExec938248999.dir/feature_tests.cxx.o -c "/mnt/sda2/Users/JAGZ/Documents/Mis Documentos/~Materias/Algoritmos y Estructura de Datos/Tarea 2/Lista/build/CMakeFiles/feature_tests.cxx"
Linking CXX executable cmTryCompileExec938248999
/usr/bin/cmake -E cmake_link_script CMakeFiles/cmTryCompileExec938248999.dir/link.txt --verbose=1
/usr/bin/c++       CMakeFiles/cmTryCompileExec938248999.dir/feature_tests.cxx.o  -o cmTryCompileExec938248999 -rdynamic 
gmake[1]: se sale del directorio `/mnt/sda2/Users/JAGZ/Documents/Mis Documentos/~Materias/Algoritmos y Estructura de Datos/Tarea 2/Lista/build/CMakeFiles/CMakeTmp'


    Feature record: CXX_FEATURE:1cxx_alias_templates
    Feature record: CXX_FEATURE:1cxx_alignas
    Feature record: CXX_FEATURE:1cxx_alignof
    Feature record: CXX_FEATURE:1cxx_attributes
    Feature record: CXX_FEATURE:1cxx_attribute_deprecated
    Feature record: CXX_FEATURE:1cxx_auto_type
    Feature record: CXX_FEATURE:1cxx_binary_literals
    Feature record: CXX_FEATURE:1cxx_constexpr
    Feature record: CXX_FEATURE:1cxx_contextual_conversions
    Feature record: CXX_FEATURE:1cxx_decltype
    Feature record: CXX_FEATURE:1cxx_decltype_auto
    Feature record: CXX_FEATURE:1cxx_decltype_incomplete_return_types
    Feature record: CXX_FEATURE:1cxx_default_function_template_args
    Feature record: CXX_FEATURE:1cxx_defaulted_functions
    Feature record: CXX_FEATURE:1cxx_defaulted_move_initializers
    Feature record: CXX_FEATURE:1cxx_delegating_constructors
    Feature record: CXX_FEATURE:1cxx_deleted_functions
    Feature record: CXX_FEATURE:1cxx_digit_separators
    Feature record: CXX_FEATURE:1cxx_enum_forward_declarations
    Feature record: CXX_FEATURE:1cxx_explicit_conversions
    Feature record: CXX_FEATURE:1cxx_extended_friend_declarations
    Feature record: CXX_FEATURE:1cxx_extern_templates
    Feature record: CXX_FEATURE:1cxx_final
    Feature record: CXX_FEATURE:1cxx_func_identifier
    Feature record: CXX_FEATURE:1cxx_generalized_initializers
    Feature record: CXX_FEATURE:1cxx_generic_lambdas
    Feature record: CXX_FEATURE:1cxx_inheriting_constructors
    Feature record: CXX_FEATURE:1cxx_inline_namespaces
    Feature record: CXX_FEATURE:1cxx_lambdas
    Feature record: CXX_FEATURE:1cxx_lambda_init_captures
    Feature record: CXX_FEATURE:1cxx_local_type_template_args
    Feature record: CXX_FEATURE:1cxx_long_long_type
    Feature record: CXX_FEATURE:1cxx_noexcept
    Feature record: CXX_FEATURE:1cxx_nonstatic_member_init
    Feature record: CXX_FEATURE:1cxx_nullptr
    Feature record: CXX_FEATURE:1cxx_override
    Feature record: CXX_FEATURE:1cxx_range_for
    Feature record: CXX_FEATURE:1cxx_raw_string_literals
    Feature record: CXX_FEATURE:1cxx_reference_qualified_functions
    Feature record: CXX_FEATURE:1cxx_return_type_deduction
    Feature record: CXX_FEATURE:1cxx_right_angle_brackets
    Feature record: CXX_FEATURE:1cxx_rvalue_references
    Feature record: CXX_FEATURE:1cxx_sizeof_member
    Feature record: CXX_FEATURE:1cxx_static_assert
    Feature record: CXX_FEATURE:1cxx_strong_enums
    Feature record: CXX_FEATURE:1cxx_template_template_parameters
    Feature record: CXX_FEATURE:1cxx_thread_local
    Feature record: CXX_FEATURE:1cxx_trailing_return_types
    Feature record: CXX_FEATURE:1cxx_unicode_literals
    Feature record: CXX_FEATURE:1cxx_uniform_initialization
    Feature record: CXX_FEATURE:1cxx_unrestricted_unions
    Feature record: CXX_FEATURE:1cxx_user_literals
    Feature record: CXX_FEATURE:1cxx_variadic_macros
    Feature record: CXX_FEATURE:1cxx_variadic_templates


Detecting CXX [-std=c++11] compiler features compiled with the following output:
Change Dir: /mnt/sda2/Users/JAGZ/Documents/Mis Documentos/~Materias/Algoritmos y Estructura de Datos/Tarea 2/Lista/build/CMakeFiles/CMakeTmp

Run Build Command:"/usr/bin/gmake" "cmTryCompileExec3765015107/fast"
/usr/bin/gmake -f CMakeFiles/cmTryCompileExec3765015107.dir/build.make CMakeFiles/cmTryCompileExec3765015107.dir/build
gmake[1]: se ingresa al directorio `/mnt/sda2/Users/JAGZ/Documents/Mis Documentos/~Materias/Algoritmos y Estructura de Datos/Tarea 2/Lista/build/CMakeFiles/CMakeTmp'
/usr/bin/cmake -E cmake_progress_report "/mnt/sda2/Users/JAGZ/Documents/Mis Documentos/~Materias/Algoritmos y Estructura de Datos/Tarea 2/Lista/build/CMakeFiles/CMakeTmp/CMakeFiles" 1
Building CXX object CMakeFiles/cmTryCompileExec3765015107.dir/feature_tests.cxx.o
/usr/bin/c++    -std=c++11 -o CMakeFiles/cmTryCompileExec3765015107.dir/feature_tests.cxx.o -c "/mnt/sda2/Users/JAGZ/Documents/Mis Documentos/~Materias/Algoritmos y Estructura de Datos/Tarea 2/Lista/build/CMakeFiles/feature_tests.cxx"
Linking CXX executable cmTryCompileExec3765015107
/usr/bin/cmake -E cmake_link_script CMakeFiles/cmTryCompileExec3765015107.dir/link.txt --verbose=1
/usr/bin/c++       CMakeFiles/cmTryCompileExec3765015107.dir/feature_tests.cxx.o  -o cmTryCompileExec3765015107 -rdynamic 
gmake[1]: se sale del directorio `/mnt/sda2/Users/JAGZ/Documents/Mis Documentos/~Materias/Algoritmos y Estructura de Datos/Tarea 2/Lista/build/CMakeFiles/CMakeTmp'


    Feature record: CXX_FEATURE:1cxx_alias_templates
    Feature record: CXX_FEATURE:1cxx_alignas
    Feature record: CXX_FEATURE:1cxx_alignof
    Feature record: CXX_FEATURE:1cxx_attributes
    Feature record: CXX_FEATURE:0cxx_attribute_deprecated
    Feature record: CXX_FEATURE:1cxx_auto_type
    Feature record: CXX_FEATURE:0cxx_binary_literals
    Feature record: CXX_FEATURE:1cxx_constexpr
    Feature record: CXX_FEATURE:0cxx_contextual_conversions
    Feature record: CXX_FEATURE:1cxx_decltype
    Feature record: CXX_FEATURE:0cxx_decltype_auto
    Feature record: CXX_FEATURE:1cxx_decltype_incomplete_return_types
    Feature record: CXX_FEATURE:1cxx_default_function_template_args
    Feature record: CXX_FEATURE:1cxx_defaulted_functions
    Feature record: CXX_FEATURE:1cxx_defaulted_move_initializers
    Feature record: CXX_FEATURE:1cxx_delegating_constructors
    Feature record: CXX_FEATURE:1cxx_deleted_functions
    Feature record: CXX_FEATURE:0cxx_digit_separators
    Feature record: CXX_FEATURE:1cxx_enum_forward_declarations
    Feature record: CXX_FEATURE:1cxx_explicit_conversions
    Feature record: CXX_FEATURE:1cxx_extended_friend_declarations
    Feature record: CXX_FEATURE:1cxx_extern_templates
    Feature record: CXX_FEATURE:1cxx_final
    Feature record: CXX_FEATURE:1cxx_func_identifier
    Feature record: CXX_FEATURE:1cxx_generalized_initializers
    Feature record: CXX_FEATURE:0cxx_generic_lambdas
    Feature record: CXX_FEATURE:1cxx_inheriting_constructors
    Feature record: CXX_FEATURE:1cxx_inline_namespaces
    Feature record: CXX_FEATURE:1cxx_lambdas
    Feature record: CXX_FEATURE:0cxx_lambda_init_captures
    Feature record: CXX_FEATURE:1cxx_local_type_template_args
    Feature record: CXX_FEATURE:1cxx_long_long_type
    Feature record: CXX_FEATURE:1cxx_noexcept
    Feature record: CXX_FEATURE:1cxx_nonstatic_member_init
    Feature record: CXX_FEATURE:1cxx_nullptr
    Feature record: CXX_FEATURE:1cxx_override
    Feature record: CXX_FEATURE:1cxx_range_for
    Feature record: CXX_FEATURE:1cxx_raw_string_literals
    Feature record: CXX_FEATURE:1cxx_reference_qualified_functions
    Feature record: CXX_FEATURE:0cxx_return_type_deduction
    Feature record: CXX_FEATURE:1cxx_right_angle_brackets
    Feature record: CXX_FEATURE:1cxx_rvalue_references
    Feature record: CXX_FEATURE:1cxx_sizeof_member
    Feature record: CXX_FEATURE:1cxx_static_assert
    Feature record: CXX_FEATURE:1cxx_strong_enums
    Feature record: CXX_FEATURE:1cxx_template_template_parameters
    Feature record: CXX_FEATURE:1cxx_thread_local
    Feature record: CXX_FEATURE:1cxx_trailing_return_types
    Feature record: CXX_FEATURE:1cxx_unicode_literals
    Feature record: CXX_FEATURE:1cxx_uniform_initialization
    Feature record: CXX_FEATURE:1cxx_unrestricted_unions
    Feature record: CXX_FEATURE:1cxx_user_literals
    Feature record: CXX_FEATURE:1cxx_variadic_macros
    Feature record: CXX_FEATURE:1cxx_variadic_templates


Detecting CXX [-std=c++98] compiler features compiled with the following output:
Change Dir: /mnt/sda2/Users/JAGZ/Documents/Mis Documentos/~Materias/Algoritmos y Estructura de Datos/Tarea 2/Lista/build/CMakeFiles/CMakeTmp

Run Build Command:"/usr/bin/gmake" "cmTryCompileExec3462143016/fast"
/usr/bin/gmake -f CMakeFiles/cmTryCompileExec3462143016.dir/build.make CMakeFiles/cmTryCompileExec3462143016.dir/build
gmake[1]: se ingresa al directorio `/mnt/sda2/Users/JAGZ/Documents/Mis Documentos/~Materias/Algoritmos y Estructura de Datos/Tarea 2/Lista/build/CMakeFiles/CMakeTmp'
/usr/bin/cmake -E cmake_progress_report "/mnt/sda2/Users/JAGZ/Documents/Mis Documentos/~Materias/Algoritmos y Estructura de Datos/Tarea 2/Lista/build/CMakeFiles/CMakeTmp/CMakeFiles" 1
Building CXX object CMakeFiles/cmTryCompileExec3462143016.dir/feature_tests.cxx.o
/usr/bin/c++    -std=c++98 -o CMakeFiles/cmTryCompileExec3462143016.dir/feature_tests.cxx.o -c "/mnt/sda2/Users/JAGZ/Documents/Mis Documentos/~Materias/Algoritmos y Estructura de Datos/Tarea 2/Lista/build/CMakeFiles/feature_tests.cxx"
Linking CXX executable cmTryCompileExec3462143016
/usr/bin/cmake -E cmake_link_script CMakeFiles/cmTryCompileExec3462143016.dir/link.txt --verbose=1
/usr/bin/c++       CMakeFiles/cmTryCompileExec3462143016.dir/feature_tests.cxx.o  -o cmTryCompileExec3462143016 -rdynamic 
gmake[1]: se sale del directorio `/mnt/sda2/Users/JAGZ/Documents/Mis Documentos/~Materias/Algoritmos y Estructura de Datos/Tarea 2/Lista/build/CMakeFiles/CMakeTmp'


    Feature record: CXX_FEATURE:0cxx_alias_templates
    Feature record: CXX_FEATURE:0cxx_alignas
    Feature record: CXX_FEATURE:0cxx_alignof
    Feature record: CXX_FEATURE:0cxx_attributes
    Feature record: CXX_FEATURE:0cxx_attribute_deprecated
    Feature record: CXX_FEATURE:0cxx_auto_type
    Feature record: CXX_FEATURE:0cxx_binary_literals
    Feature record: CXX_FEATURE:0cxx_constexpr
    Feature record: CXX_FEATURE:0cxx_contextual_conversions
    Feature record: CXX_FEATURE:0cxx_decltype
    Feature record: CXX_FEATURE:0cxx_decltype_auto
    Feature record: CXX_FEATURE:0cxx_decltype_incomplete_return_types
    Feature record: CXX_FEATURE:0cxx_default_function_template_args
    Feature record: CXX_FEATURE:0cxx_defaulted_functions
    Feature record: CXX_FEATURE:0cxx_defaulted_move_initializers
    Feature record: CXX_FEATURE:0cxx_delegating_constructors
    Feature record: CXX_FEATURE:0cxx_deleted_functions
    Feature record: CXX_FEATURE:0cxx_digit_separators
    Feature record: CXX_FEATURE:0cxx_enum_forward_declarations
    Feature record: CXX_FEATURE:0cxx_explicit_conversions
    Feature record: CXX_FEATURE:0cxx_extended_friend_declarations
    Feature record: CXX_FEATURE:0cxx_extern_templates
    Feature record: CXX_FEATURE:0cxx_final
    Feature record: CXX_FEATURE:0cxx_func_identifier
    Feature record: CXX_FEATURE:0cxx_generalized_initializers
    Feature record: CXX_FEATURE:0cxx_generic_lambdas
    Feature record: CXX_FEATURE:0cxx_inheriting_constructors
    Feature record: CXX_FEATURE:0cxx_inline_namespaces
    Feature record: CXX_FEATURE:0cxx_lambdas
    Feature record: CXX_FEATURE:0cxx_lambda_init_captures
    Feature record: CXX_FEATURE:0cxx_local_type_template_args
    Feature record: CXX_FEATURE:0cxx_long_long_type
    Feature record: CXX_FEATURE:0cxx_noexcept
    Feature record: CXX_FEATURE:0cxx_nonstatic_member_init
    Feature record: CXX_FEATURE:0cxx_nullptr
    Feature record: CXX_FEATURE:0cxx_override
    Feature record: CXX_FEATURE:0cxx_range_for
    Feature record: CXX_FEATURE:0cxx_raw_string_literals
    Feature record: CXX_FEATURE:0cxx_reference_qualified_functions
    Feature record: CXX_FEATURE:0cxx_return_type_deduction
    Feature record: CXX_FEATURE:0cxx_right_angle_brackets
    Feature record: CXX_FEATURE:0cxx_rvalue_references
    Feature record: CXX_FEATURE:0cxx_sizeof_member
    Feature record: CXX_FEATURE:0cxx_static_assert
    Feature record: CXX_FEATURE:0cxx_strong_enums
    Feature record: CXX_FEATURE:1cxx_template_template_parameters
    Feature record: CXX_FEATURE:0cxx_thread_local
    Feature record: CXX_FEATURE:0cxx_trailing_return_types
    Feature record: CXX_FEATURE:0cxx_unicode_literals
    Feature record: CXX_FEATURE:0cxx_uniform_initialization
    Feature record: CXX_FEATURE:0cxx_unrestricted_unions
    Feature record: CXX_FEATURE:0cxx_user_literals
    Feature record: CXX_FEATURE:0cxx_variadic_macros
    Feature record: CXX_FEATURE:0cxx_variadic_templates
